<?xml version="1.0" encoding="UTF-8"?>
<!-- Generated by org.testng.reporters.JUnitReportReporter -->
<testsuite hostname="DESKTOP-KM0QCD1" failures="0" tests="3" name="com.simplilearn.testng.amazon.AmazonSearchTest" time="17.809" errors="0" timestamp="2023-12-14T17:41:00 IST" skipped="0">
  <testcase classname="com.simplilearn.testng.amazon.AmazonSearchTest" name="testSearch3" time="6.828"/>
  <system-out/>
  <testcase classname="com.simplilearn.testng.amazon.AmazonSearchTest" name="testSearch2" time="4.998"/>
  <system-out/>
  <testcase classname="com.simplilearn.testng.amazon.AmazonSearchTest" name="testSearch1" time="5.983"/>
  <system-out/>
</testsuite> <!-- com.simplilearn.testng.amazon.AmazonSearchTest -->
