<?xml version="1.0" encoding="UTF-8"?>
<!-- Generated by org.testng.reporters.JUnitReportReporter -->
<testsuite hostname="DESKTOP-KM0QCD1" failures="0" tests="3" name="com.simplilearn.testng.amazon.AmazonHomePageTest" time="22.458" errors="0" timestamp="2023-12-14T19:00:46 IST" skipped="0">
  <testcase classname="com.simplilearn.testng.amazon.AmazonHomePageTest" name="testAmazonHomePageSourceUrl" time="6.270"/>
  <system-out/>
  <testcase classname="com.simplilearn.testng.amazon.AmazonHomePageTest" name="testAmazonHomePageTitle2" time="7.413"/>
  <system-out/>
  <testcase classname="com.simplilearn.testng.amazon.AmazonHomePageTest" name="testAmazonHomePageTitle" time="8.775"/>
  <system-out/>
</testsuite> <!-- com.simplilearn.testng.amazon.AmazonHomePageTest -->
