<?xml version="1.0" encoding="UTF-8"?>
<!-- Generated by org.testng.reporters.JUnitReportReporter -->
<testsuite hostname="DESKTOP-KM0QCD1" failures="0" tests="3" name="com.practice1.testannotations.testannotions" time="0.027" errors="0" timestamp="2023-12-14T18:34:06 IST" skipped="0">
  <testcase classname="com.practice1.testannotations.testannotions" name="Test1" time="0.018"/>
  <system-out/>
  <testcase classname="com.practice1.testannotations.testannotions" name="Test2" time="0.004"/>
  <system-out/>
  <testcase classname="com.practice1.testannotations.testannotions" name="Test3" time="0.005"/>
  <system-out/>
</testsuite> <!-- com.practice1.testannotations.testannotions -->
