<?xml version="1.0" encoding="UTF-8"?>
<!-- Generated by org.testng.reporters.JUnitReportReporter -->
<testsuite hostname="DESKTOP-KM0QCD1" failures="0" tests="3" name="com.practice2.GroupsAndParellelTest.Groups" time="0.027" errors="0" timestamp="2023-12-14T18:47:14 IST" skipped="0">
  <testcase classname="com.practice2.GroupsAndParellelTest.Groups" name="r3" time="0.003"/>
  <system-out/>
  <testcase classname="com.practice2.GroupsAndParellelTest.Groups" name="r1" time="0.019"/>
  <system-out/>
  <testcase classname="com.practice2.GroupsAndParellelTest.Groups" name="r2" time="0.005"/>
  <system-out/>
</testsuite> <!-- com.practice2.GroupsAndParellelTest.Groups -->
