<?xml version="1.0" encoding="UTF-8"?>
<!-- Generated by org.testng.reporters.JUnitReportReporter -->
<testsuite hostname="DESKTOP-KM0QCD1" failures="0" tests="3" name="com.selenium.testNG.practice.amazonHomePage" time="27.540" errors="0" timestamp="2023-12-16T09:57:24 IST" skipped="0">
  <testcase classname="com.selenium.testNG.practice.amazonHomePage" name="testAmazonHomePageTitle" time="12.825"/>
  <system-out/>
  <testcase classname="com.selenium.testNG.practice.amazonHomePage" name="testAmazonHomePageTitle2" time="7.143"/>
  <system-out/>
  <testcase classname="com.selenium.testNG.practice.amazonHomePage" name="testAmazonHomePageSourceUrl" time="7.572"/>
  <system-out/>
</testsuite> <!-- com.selenium.testNG.practice.amazonHomePage -->
