<?xml version="1.0" encoding="UTF-8"?>
<!-- Generated by org.testng.reporters.JUnitReportReporter -->
<testsuite hostname="DESKTOP-KM0QCD1" failures="0" tests="2" name="com.selenium.testNG.practice.AmazonLinkVerificationCssSelectorTest" time="21.929" errors="0" timestamp="2023-12-16T09:57:24 IST" skipped="0">
  <testcase classname="com.selenium.testNG.practice.AmazonLinkVerificationCssSelectorTest" name="tdLinkTest1" time="12.069"/>
  <system-out/>
  <testcase classname="com.selenium.testNG.practice.AmazonLinkVerificationCssSelectorTest" name="tdLinkTest2" time="9.860"/>
  <system-out/>
</testsuite> <!-- com.selenium.testNG.practice.AmazonLinkVerificationCssSelectorTest -->
