<?xml version="1.0" encoding="UTF-8"?>
<!-- Generated by org.testng.reporters.JUnitReportReporter -->
<testsuite hostname="DESKTOP-KM0QCD1" failures="0" tests="3" name="com.simplilearn.testng.TestNgStandardAnnotationTest" time="0.004" errors="0" timestamp="2023-12-15T12:55:54 IST" skipped="1">
  <testcase classname="com.simplilearn.testng.TestNgStandardAnnotationTest" name="testOne" time="0.001"/>
  <testcase classname="com.simplilearn.testng.TestNgStandardAnnotationTest" name="testTwo" time="0.003"/>
  <testcase classname="com.simplilearn.testng.TestNgStandardAnnotationTest" name="testThree">
    <skipped/>
  </testcase> <!-- testThree -->
</testsuite> <!-- com.simplilearn.testng.TestNgStandardAnnotationTest -->
