<?xml version="1.0" encoding="UTF-8"?>
<!-- Generated by org.testng.reporters.JUnitReportReporter -->
<testsuite hostname="DESKTOP-KM0QCD1" failures="0" tests="3" name="com.simplilearn.testng.amazon.AmazonHomePageTest" time="28.959" errors="0" timestamp="2023-12-15T12:55:55 IST" skipped="0">
  <testcase classname="com.simplilearn.testng.amazon.AmazonHomePageTest" name="testAmazonHomePageSourceUrl" time="7.284"/>
  <testcase classname="com.simplilearn.testng.amazon.AmazonHomePageTest" name="testAmazonHomePageTitle2" time="14.004"/>
  <testcase classname="com.simplilearn.testng.amazon.AmazonHomePageTest" name="testAmazonHomePageTitle" time="7.671"/>
</testsuite> <!-- com.simplilearn.testng.amazon.AmazonHomePageTest -->
