<?xml version="1.0" encoding="UTF-8"?>
<!-- Generated by org.testng.reporters.JUnitReportReporter -->
<testsuite hostname="DESKTOP-KM0QCD1" failures="0" tests="3" name="com.simplilearn.testng.AssertionTest" time="0.060" errors="0" timestamp="2023-12-15T12:55:54 IST" skipped="0">
  <testcase classname="com.simplilearn.testng.AssertionTest" name="softAssertTest" time="0.042"/>
  <testcase classname="com.simplilearn.testng.AssertionTest" name="testAsserts" time="0.001"/>
  <testcase classname="com.simplilearn.testng.AssertionTest" name="hardAssertTest" time="0.017"/>
</testsuite> <!-- com.simplilearn.testng.AssertionTest -->
